[00:06:06] [Render thread/INFO]: [EMI] Disconnecting from server, EMI data cleared
[00:06:06] [Render thread/INFO]: Curios disabled
[00:06:06] [Thread-102/INFO]: [EMI] Clearing data
[00:06:06] [Render thread/INFO]: Connecting to monolith.alvareza.net, 25569
[00:06:08] [Render thread/INFO]: Injecting existing registry data into this CLIENT instance
[00:06:08] [Netty Epoll Client IO #1/INFO]: Reloading server config for hangglider
[00:06:08] [Netty Epoll Client IO #1/INFO]: Reloading server config for pickupnotifier
[00:06:09] [Netty Epoll Client IO #1/INFO]: Connected to a modded server.
[00:06:09] [Render thread/INFO]: New Xaero hud session initialized!
[00:06:09] [Render thread/INFO]: New world map session initialized!
[00:06:09] [Render thread/INFO]: Reloading pipeline on dimension change: NamespacedId{namespace='minecraft', name='overworld'} => NamespacedId{namespace='minecraft', name='overworld'}
[00:06:09] [Render thread/INFO]: Destroying pipeline NamespacedId{namespace='minecraft', name='overworld'}
[00:06:09] [Render thread/INFO]: Creating pipeline for dimension NamespacedId{namespace='minecraft', name='overworld'}
[00:06:09] [Render thread/INFO]: Started 10 worker threads
[00:06:09] [Render thread/INFO]: Sending client config 'fallingtrees:fallingtrees_client' to server
[00:06:09] [Render thread/INFO]: JEI StartEventObserver received class net.minecraftforge.client.event.ClientPlayerNetworkEvent$LoggingIn
[00:06:09] [Render thread/INFO]: JEI StartEventObserver transitioning state from DISABLED to ENABLED
[00:06:09] [Render thread/INFO]: Received 4 greenhouse(s) from physical server
[00:06:09] [Render thread/INFO]: Received 53 plantable(s) from physical server
[00:06:09] [Render thread/INFO]: Received 36 metal(s) from physical server
[00:06:09] [Render thread/INFO]: Received 6 knapping_types(s) from physical server
[00:06:09] [Render thread/INFO]: Received 34 fuel(s) from physical server
[00:06:09] [Render thread/INFO]: Received 22 fertilizer(s) from physical server
[00:06:09] [Render thread/INFO]: Received 2 item_damage_resistances(s) from physical server
[00:06:09] [Render thread/INFO]: Received 1219 item heat(s) from physical server
[00:06:09] [Render thread/INFO]: Received 240 food(s) from physical server
[00:06:09] [Render thread/INFO]: Received 73 item size(s) from physical server
[00:06:09] [Render thread/INFO]: Received 47 climate range(s) from physical server
[00:06:09] [Render thread/INFO]: Received 14 drinkable(s) from physical server
[00:06:09] [Render thread/INFO]: Received 4 lamp_fuel(s) from physical server
[00:06:09] [Render thread/INFO]: Received 80 panning(s) from physical server
[00:06:09] [Render thread/INFO]: Received 80 sluicing(s) from physical server
[00:06:09] [Render thread/INFO]: Received 1 support(s) from physical server
[00:06:09] [Render thread/INFO]: Curios has been initialized with 9 slot(s) after 1 tries
[00:06:13] [Render thread/INFO]: JEI StartEventObserver received class net.minecraftforge.client.event.RecipesUpdatedEvent
[00:06:13] [Render thread/INFO]: [EMI] Tags synchronized, waiting for recipes to reload EMI...
[00:06:13] [Netty Epoll Client IO #1/INFO]: Received common config 'fallingtrees:fallingtrees_common' from server
[00:06:13] [Netty Epoll Client IO #1/INFO]: Read 292243 bytes, 2033 objects
[00:06:15] [Render thread/INFO]: JEI StartEventObserver received class net.minecraftforge.event.TagsUpdatedEvent
[00:06:15] [Render thread/INFO]: JEI StartEventObserver transitioning state from ENABLED to JEI_STARTED
[00:06:15] [Render thread/INFO]: Starting JEI...
[00:06:15] [Render thread/INFO]: Registering item subtypes...
[00:06:15] [Render thread/INFO]: Registering item subtypes took 318.9 μs
[00:06:15] [Render thread/INFO]: Registering fluid subtypes...
[00:06:15] [Render thread/INFO]: Registering fluid subtypes took 140.4 μs
[00:06:15] [Render thread/INFO]: Registering ingredients...
[00:06:16] [Render thread/INFO]: Registering ingredients: jei:minecraft took 364.8 milliseconds
[00:06:16] [Render thread/INFO]: Registering ingredients took 365.4 ms
[00:06:16] [Render thread/INFO]: Registering categories...
[00:06:16] [Render thread/INFO]: Registering categories took 1.434 ms
[00:06:16] [Render thread/INFO]: Registering vanilla category extensions...
[00:06:16] [Render thread/INFO]: Registering vanilla category extensions took 143.8 μs
[00:06:16] [Render thread/INFO]: Registering recipe catalysts...
[00:06:16] [Render thread/INFO]: Registering recipe catalysts took 608.0 μs
[00:06:16] [Render thread/INFO]: Registering advanced plugins...
[00:06:16] [Render thread/INFO]: Added recipe manager plugin: class dan200.computercraft.client.integration.jei.RecipeResolver
[00:06:16] [Render thread/INFO]: Added recipe manager plugin: class dev.ftb.mods.ftbxmodcompat.ftbquests.jei.QuestRecipeManagerPlugin
[00:06:16] [Render thread/INFO]: Added recipe manager plugin: class dev.ftb.mods.ftbxmodcompat.ftbquests.jei.LootCrateRecipeManagerPlugin
[00:06:16] [Render thread/INFO]: Added recipe manager plugin: class appeng.integration.modules.jei.FacadeRegistryPlugin
[00:06:16] [Render thread/INFO]: Registering advanced plugins took 206.8 μs
[00:06:16] [Render thread/INFO]: Building recipe registry...
[00:06:16] [Render thread/INFO]: Building recipe registry took 732.2 μs
[00:06:16] [Render thread/INFO]: Registering recipes...
[00:06:16] [Render thread/INFO]: Registering recipes: jumbofurnace:jumbofurnace took 38.61 milliseconds
[00:06:16] [Render thread/INFO]: Registering recipes: uteamcore:jei took 232.7 milliseconds
[00:06:16] [Render thread/INFO]: Registering recipes: framedblocks:jei_plugin took 38.22 milliseconds
[00:06:16] [Render thread/INFO]: Registering recipes: tfc:jei took 40.32 milliseconds
[00:06:16] [Render thread/INFO]: Registering recipes: ae2:core took 59.48 milliseconds
[00:06:20] [Render thread/INFO]: Registering recipes: create:jei_plugin took 3.700 seconds
[00:06:20] [Render thread/INFO]: Registering recipes took 4.116 s
[00:06:20] [Render thread/INFO]: Registering recipes transfer handlers...
[00:06:20] [Render thread/INFO]: Registering recipes transfer handlers took 263.1 μs
[00:06:20] [Render thread/INFO]: Building runtime...
[00:06:20] [Render thread/INFO]: Registering gui handlers...
[00:06:20] [Render thread/INFO]: Registering gui handlers took 218.7 μs
[00:06:20] [Render thread/INFO]: Registering Runtime...
[00:06:20] [Render thread/INFO]: Registering Runtime took 130.1 μs
[00:06:20] [Render thread/INFO]: Building runtime took 512.0 μs
[00:06:20] [Render thread/INFO]: Sending Runtime...
[00:06:20] [Render thread/INFO]: Ingredients are being added at runtime: 280 net.minecraft.world.item.ItemStack
[00:06:20] [Render thread/INFO]: Ingredients are being removed at runtime: 9 net.minecraft.world.item.ItemStack
[00:06:20] [Render thread/INFO]: Sending Runtime took 1.206 ms
[00:06:20] [Render thread/INFO]: Starting JEI took 4.488 s
[00:06:20] [Render thread/INFO]: Editing item stack sizes: found 17279 editable of 19500 total.
[00:06:20] [Render thread/INFO]: Loaded cucumber-tags.json in 0 ms
[00:06:20] [Render thread/INFO]: [EMI] Recipes synchronized, reloading EMI
[00:06:20] [Render thread/INFO]: [EMI] Starting Reload
[00:06:20] [Thread-107/INFO]: [EMI] Starting EMI reload...
[00:06:20] [Thread-107/INFO]: [EMI] Clearing data
[00:06:20] [Thread-107/INFO]: [EMI] Initializing plugin from emi
[00:06:20] [Thread-107/INFO]: [EMI] Initialized plugin from emi in 0ms
[00:06:20] [Thread-107/INFO]: [EMI] Initializing plugin from ldlib
[00:06:20] [Thread-107/INFO]: [EMI] Initialized plugin from ldlib in 0ms
[00:06:20] [Thread-107/INFO]: [EMI] Initializing plugin from framedblocks
[00:06:20] [Thread-107/INFO]: [EMI] Initialized plugin from framedblocks in 0ms
[00:06:20] [Thread-107/INFO]: [EMI] Initializing plugin from computercraft
[00:06:20] [Thread-107/INFO]: [EMI] Initialized plugin from computercraft in 0ms
[00:06:20] [Thread-107/INFO]: [EMI] Initializing plugin from gtceu
[00:06:20] [Thread-107/INFO]: [EMI] Initialized plugin from gtceu in 0ms
[00:06:20] [Thread-107/INFO]: [EMI] Initializing plugin from jemi
[00:06:20] [Thread-107/INFO]: [EMI] Initialized plugin from jemi in 0ms
[00:06:20] [Thread-107/INFO]: [EMI] Processing tags
[00:06:20] [Render thread/INFO]: Received config from server
[00:06:20] [Render thread/INFO]: Minimap updated server level id: -594620143 for world ResourceKey[minecraft:dimension / minecraft:overworld]
[00:06:20] [Thread-107/INFO]: [EMI] Constructing index
[00:06:20] [Render thread/INFO]: Received config from server
[00:06:20] [Render thread/INFO]: Received config from the server: {}
[00:06:20] [Render thread/INFO]: Loaded 234 advancements
[00:06:20] [Render thread/INFO]: BookContentResourceListenerLoader: Files found in 999.8 μs
[00:06:20] [Render thread/INFO]: BookContentResourceListenerLoader: Files found in 1.070 ms
[00:06:20] [Render thread/INFO]: BookContentResourceListenerLoader: Files found in 974.3 μs
[00:06:20] [Render thread/ERROR]: No recipe of type tfc:anvil named tfc:anvil/steel_pump 
[00:06:20] [Render thread/WARN]: Recipe tfc:crafting/steel_pump (of type minecraft:crafting) not found
[00:06:20] [Render thread/WARN]: Recipe firmalife:crafting/compost_tumbler (of type minecraft:crafting) not found
[00:06:20] [Render thread/WARN]: Recipe tfc:crafting/metal/pickaxe/copper (of type minecraft:crafting) not found
[00:06:20] [Render thread/WARN]: Recipe firmalife:crafting/pumping_station (of type minecraft:crafting) not found
[00:06:20] [Render thread/ERROR]: No recipe of type tfc:quern named tfc:quern/sulfur 
[00:06:20] [Render thread/ERROR]: No recipe of type tfc:quern named tfc:quern/emerald 
[00:06:20] [Render thread/WARN]: Recipe tfc:crafting/crankshaft (of type minecraft:crafting) not found
[00:06:20] [Render thread/WARN]: Recipe minecraft:clay (of type minecraft:crafting) not found
[00:06:20] [Render thread/ERROR]: No recipe of type tfc:knapping named tfc:rock_knapping/hoe_head_sedimentary 
[00:06:20] [Render thread/ERROR]: No recipe of type tfc:knapping named tfc:rock_knapping/hoe_head_metamorphic 
[00:06:20] [Render thread/ERROR]: No recipe of type tfc:knapping named tfc:rock_knapping/hoe_head_igneous_extrusive 
[00:06:20] [Render thread/ERROR]: No recipe of type tfc:knapping named tfc:rock_knapping/hoe_head_igneous_intrusive 
[00:06:20] [Render thread/WARN]: Recipe tfc:crafting/stone/hoe_sedimentary (of type minecraft:crafting) not found
[00:06:20] [Render thread/ERROR]: No recipe of type tfc:quern named tfc:quern/salt 
[00:06:20] [Render thread/WARN]: Recipe tfc:crafting/windmill_blade (of type minecraft:crafting) not found
[00:06:20] [Render thread/WARN]: Recipe tfc:crafting/wood/oak_water_wheel (of type minecraft:crafting) not found
[00:06:20] [Render thread/WARN]: Recipe tfc:crafting/wood/oak_axle (of type minecraft:crafting) not found
[00:06:20] [Render thread/WARN]: Recipe tfc:crafting/wood/oak_encased_axle (of type minecraft:crafting) not found
[00:06:20] [Render thread/WARN]: Recipe tfc:crafting/wood/oak_gear_box (of type minecraft:crafting) not found
[00:06:20] [Render thread/WARN]: Recipe tfc:crafting/wood/oak_clutch (of type minecraft:crafting) not found
[00:06:20] [Render thread/WARN]: Recipe tfc:crafting/wood/oak_bladed_axle (of type minecraft:crafting) not found
[00:06:20] [Render thread/WARN]: Recipe tfc:crafting/trip_hammer (of type minecraft:crafting) not found
[00:06:20] [Render thread/WARN]: Invalid extra recipe mapping: tag:tfc:water_wheels to page 6 in entry tfc:mechanics/mechanical_power: Empty entry or page out of bounds
[00:06:20] [Render thread/WARN]: Invalid extra recipe mapping: tag:tfc:axles to page 10 in entry tfc:mechanics/mechanical_power: Empty entry or page out of bounds
[00:06:20] [Render thread/WARN]: Invalid extra recipe mapping: tag:tfc:gear_boxes to page 12 in entry tfc:mechanics/mechanical_power: Empty entry or page out of bounds
[00:06:20] [Render thread/WARN]: Invalid extra recipe mapping: tag:tfc:clutches to page 14 in entry tfc:mechanics/mechanical_power: Empty entry or page out of bounds
[00:06:20] [Render thread/WARN]: Recipe tfc:crafting/wood/sewing_table/oak (of type minecraft:crafting) not found
[00:06:20] [Render thread/ERROR]: No recipe of type tfc:knapping named tfc:rock_knapping/knife_head_sedimentary 
[00:06:20] [Render thread/ERROR]: No recipe of type tfc:knapping named tfc:rock_knapping/knife_head_metamorphic 
[00:06:20] [Render thread/ERROR]: No recipe of type tfc:knapping named tfc:rock_knapping/knife_head_igneous_extrusive 
[00:06:20] [Render thread/ERROR]: No recipe of type tfc:knapping named tfc:rock_knapping/knife_head_igneous_intrusive 
[00:06:20] [Render thread/WARN]: Recipe tfc:crafting/stone/knife_sedimentary (of type minecraft:crafting) not found
[00:06:20] [Render thread/ERROR]: No recipe of type tfc:knapping named tfc:rock_knapping/axe_head_sedimentary 
[00:06:20] [Render thread/ERROR]: No recipe of type tfc:knapping named tfc:rock_knapping/axe_head_metamorphic 
[00:06:20] [Render thread/ERROR]: No recipe of type tfc:knapping named tfc:rock_knapping/axe_head_igneous_extrusive 
[00:06:20] [Render thread/ERROR]: No recipe of type tfc:knapping named tfc:rock_knapping/axe_head_igneous_intrusive 
[00:06:20] [Render thread/ERROR]: No recipe of type tfc:knapping named tfc:rock_knapping/shovel_head_sedimentary 
[00:06:20] [Render thread/ERROR]: No recipe of type tfc:knapping named tfc:rock_knapping/shovel_head_metamorphic 
[00:06:20] [Render thread/ERROR]: No recipe of type tfc:knapping named tfc:rock_knapping/shovel_head_igneous_extrusive 
[00:06:20] [Render thread/ERROR]: No recipe of type tfc:knapping named tfc:rock_knapping/shovel_head_igneous_intrusive 
[00:06:20] [Render thread/ERROR]: No recipe of type tfc:knapping named tfc:rock_knapping/hoe_head_sedimentary 
[00:06:20] [Render thread/ERROR]: No recipe of type tfc:knapping named tfc:rock_knapping/hoe_head_metamorphic 
[00:06:20] [Render thread/ERROR]: No recipe of type tfc:knapping named tfc:rock_knapping/hoe_head_igneous_extrusive 
[00:06:20] [Render thread/ERROR]: No recipe of type tfc:knapping named tfc:rock_knapping/hoe_head_igneous_intrusive 
[00:06:20] [Render thread/ERROR]: No recipe of type tfc:knapping named tfc:rock_knapping/hammer_head_sedimentary 
[00:06:20] [Render thread/ERROR]: No recipe of type tfc:knapping named tfc:rock_knapping/hammer_head_metamorphic 
[00:06:20] [Render thread/ERROR]: No recipe of type tfc:knapping named tfc:rock_knapping/hammer_head_igneous_extrusive 
[00:06:20] [Render thread/ERROR]: No recipe of type tfc:knapping named tfc:rock_knapping/hammer_head_igneous_intrusive 
[00:06:20] [Render thread/WARN]: Recipe tfc:crafting/vanilla/redstone/steel_activator_rail (of type minecraft:crafting) not found
[00:06:20] [Render thread/WARN]: Recipe tfc:crafting/vanilla/redstone/steel_detector_rail (of type minecraft:crafting) not found
[00:06:20] [Render thread/WARN]: Recipe tfc:crafting/vanilla/redstone/steel_rail (of type minecraft:crafting) not found
[00:06:20] [Render thread/INFO]: Cleared 0 unneeded book NBT tags
[00:06:23] [Thread-107/INFO]: [EMI] Loading plugin from emi
[00:06:23] [Render thread/INFO]: Ingredients are being removed at runtime: 45 net.minecraft.world.item.ItemStack
[00:06:23] [Render thread/INFO]: Ingredients are being added at runtime: 25 net.minecraft.world.item.ItemStack
[00:06:23] [Render thread/WARN]: Time from main menu to in-game was 17.09891 seconds
[00:06:23] [Render thread/WARN]: Total time to load game and open world was 53.533913 seconds
[00:06:24] [Thread-107/INFO]: [EMI] Reloaded plugin from emi in 1281ms
[00:06:24] [Thread-107/INFO]: [EMI] Loading plugin from ldlib
[00:06:24] [Thread-107/INFO]: [EMI] Reloaded plugin from ldlib in 0ms
[00:06:24] [Thread-107/INFO]: [EMI] Loading plugin from framedblocks
[00:06:24] [Thread-107/INFO]: [EMI] Reloaded plugin from framedblocks in 43ms
[00:06:24] [Thread-107/INFO]: [EMI] Loading plugin from computercraft
[00:06:24] [Thread-107/INFO]: [EMI] Reloaded plugin from computercraft in 0ms
[00:06:24] [Thread-107/INFO]: [EMI] Loading plugin from gtceu
[00:06:25] [Render thread/INFO]: Exception when loading additionalplacements:tfc.wood/planks/douglas_fir_slab texture, using material colour.
[00:06:25] [Render thread/INFO]: No texture minecraft:textures/missingno.png
[00:06:25] [Render thread/ERROR]: Error calculating block tint for block state Block{gtceu:gabbro_lead_ore}! Total: 1
java.lang.ArrayIndexOutOfBoundsException: null
[00:06:25] [Render thread/ERROR]: Error calculating block tint for block state Block{gtceu:gabbro_bismuth_ore}! Total: 2
java.lang.ArrayIndexOutOfBoundsException: null
[00:06:25] [Render thread/ERROR]: Error calculating block tint for block state Block{gtceu:conglomerate_coal_ore}! Total: 3
java.lang.ArrayIndexOutOfBoundsException: null
[00:06:26] [Render thread/ERROR]: Error calculating block tint for block state Block{gtceu:basalt_emerald_ore}! Total: 4
java.lang.ArrayIndexOutOfBoundsException: null
[00:06:26] [Thread-107/INFO]: [EMI] Reloaded plugin from gtceu in 2398ms
[00:06:26] [Thread-107/INFO]: [EMI] Loading plugin from jemi
[00:06:26] [Thread-107/INFO]: [EMI] [JEMI] Waiting for JEI to finish reloading...
[00:06:26] [Thread-107/INFO]: [EMI] Waiting for JEI to finish...
[00:06:26] [Thread-107/INFO]: [EMI] [JEMI] JEI reloaded!
[00:06:26] [Thread-107/INFO]: [EMI] Loading information from JEI...
[00:06:26] [Thread-107/INFO]: [EMI] Processing JEI stacks...
[00:06:26] [Thread-107/INFO]: [EMI] Processing JEI subtypes...
[00:06:26] [Thread-107/INFO]: [EMI] Processing JEI recipes...
[00:06:26] [Thread-107/INFO]: [EMI] [JEMI] Collecting data for Crafting
[00:06:26] [Thread-107/INFO]: [EMI] Loading JEI data for Crafting
[00:06:26] [Thread-107/INFO]: [EMI] [JEMI] Collecting data for Anvil
[00:06:26] [Thread-107/INFO]: [EMI] Loading JEI data for Anvil
[00:06:26] [Thread-107/INFO]: [EMI] [JEMI] Collecting data for Blasting
[00:06:26] [Thread-107/INFO]: [EMI] Loading JEI data for Blasting
[00:06:26] [Thread-107/INFO]: [EMI] [JEMI] Collecting data for Brewing
[00:06:26] [Thread-107/INFO]: [EMI] Loading JEI data for Brewing
[00:06:26] [Thread-107/INFO]: [EMI] [JEMI] Collecting data for Campfire Cooking
[00:06:26] [Thread-107/INFO]: [EMI] Loading JEI data for Campfire Cooking
[00:06:26] [Thread-107/INFO]: [EMI] [JEMI] Collecting data for Compostable
[00:06:26] [Thread-107/INFO]: [EMI] Loading JEI data for Compostable
[00:06:26] [Thread-107/INFO]: [EMI] [JEMI] Collecting data for Fuel
[00:06:26] [Thread-107/INFO]: [EMI] Loading JEI data for Fuel
[00:06:26] [Thread-107/INFO]: [EMI] [JEMI] Collecting data for Smelting
[00:06:26] [Thread-107/INFO]: [EMI] Loading JEI data for Smelting
[00:06:26] [Thread-107/INFO]: [EMI] [JEMI] Collecting data for Smithing Table
[00:06:26] [Thread-107/INFO]: [EMI] Loading JEI data for Smithing Table
[00:06:26] [Thread-107/INFO]: [EMI] [JEMI] Collecting data for Smoking
[00:06:26] [Thread-107/INFO]: [EMI] Loading JEI data for Smoking
[00:06:26] [Thread-107/INFO]: [EMI] [JEMI] Collecting data for Stonecutting
[00:06:26] [Thread-107/INFO]: [EMI] Loading JEI data for Stonecutting
[00:06:26] [Thread-107/INFO]: [EMI] [JEMI] Collecting data for P2P Tunnel Attunement
[00:06:26] [Thread-107/INFO]: [EMI] Loading JEI data for P2P Tunnel Attunement
[00:06:26] [Thread-107/INFO]: [EMI] [JEMI] Collecting data for Certus Quartz Growth
[00:06:26] [Thread-107/INFO]: [EMI] Loading JEI data for Certus Quartz Growth
[00:06:26] [Thread-107/INFO]: [EMI] [JEMI] Collecting data for Charger
[00:06:26] [Thread-107/INFO]: [EMI] Loading JEI data for Charger
[00:06:26] [Thread-107/INFO]: [EMI] [JEMI] Collecting data for Matter Condenser
[00:06:26] [Thread-107/INFO]: [EMI] Loading JEI data for Matter Condenser
[00:06:26] [Thread-107/INFO]: [EMI] [JEMI] Collecting data for Entropy Manipulator
[00:06:26] [Thread-107/INFO]: [EMI] Loading JEI data for Entropy Manipulator
[00:06:26] [Thread-107/INFO]: [EMI] [JEMI] Collecting data for Inscriber
[00:06:26] [Thread-107/INFO]: [EMI] Loading JEI data for Inscriber
[00:06:26] [Thread-107/INFO]: [EMI] [JEMI] Collecting data for In-World Transformation
[00:06:26] [Thread-107/INFO]: [EMI] Loading JEI data for In-World Transformation
[00:06:26] [Thread-107/INFO]: [EMI] [JEMI] Collecting data for Automated Brewing
[00:06:26] [Thread-107/INFO]: [EMI] Loading JEI data for Automated Brewing
[00:06:26] [Thread-107/INFO]: [EMI] [JEMI] Collecting data for Automated Packing
[00:06:26] [Thread-107/INFO]: [EMI] Loading JEI data for Automated Packing
[00:06:26] [Thread-107/INFO]: [EMI] [JEMI] Collecting data for Automated Shaped Crafting
[00:06:26] [Thread-107/INFO]: [EMI] Loading JEI data for Automated Shaped Crafting
[00:06:27] [Thread-107/INFO]: [EMI] [JEMI] Collecting data for Automated Shapeless Crafting
[00:06:27] [Thread-107/INFO]: [EMI] Loading JEI data for Automated Shapeless Crafting
[00:06:27] [Thread-107/INFO]: [EMI] [JEMI] Collecting data for Block Cutting
[00:06:27] [Thread-107/INFO]: [EMI] Loading JEI data for Block Cutting
[00:06:27] [Thread-107/INFO]: [EMI] [JEMI] Collecting data for Crushing
[00:06:27] [Thread-107/INFO]: [EMI] Loading JEI data for Crushing
[00:06:27] [Thread-107/INFO]: [EMI] [JEMI] Collecting data for Deploying
[00:06:27] [Thread-107/INFO]: [EMI] Loading JEI data for Deploying
[00:06:27] [Thread-107/INFO]: [EMI] [JEMI] Collecting data for Item Draining
[00:06:27] [Thread-107/INFO]: [EMI] Loading JEI data for Item Draining
[00:06:27] [Thread-107/INFO]: [EMI] [JEMI] Collecting data for Bulk Blasting
[00:06:27] [Thread-107/INFO]: [EMI] Loading JEI data for Bulk Blasting
[00:06:27] [Thread-107/INFO]: [EMI] [JEMI] Collecting data for Bulk Haunting
[00:06:27] [Thread-107/INFO]: [EMI] Loading JEI data for Bulk Haunting
[00:06:27] [Thread-107/INFO]: [EMI] [JEMI] Collecting data for Bulk Smoking
[00:06:27] [Thread-107/INFO]: [EMI] Loading JEI data for Bulk Smoking
[00:06:27] [Thread-107/INFO]: [EMI] [JEMI] Collecting data for Bulk Washing
[00:06:27] [Thread-107/INFO]: [EMI] Loading JEI data for Bulk Washing
[00:06:27] [Thread-107/INFO]: [EMI] [JEMI] Collecting data for Manual Item Application
[00:06:27] [Thread-107/INFO]: [EMI] Loading JEI data for Manual Item Application
[00:06:27] [Thread-107/INFO]: [EMI] [JEMI] Collecting data for Mechanical Crafting
[00:06:27] [Thread-107/INFO]: [EMI] Loading JEI data for Mechanical Crafting
[00:06:27] [Thread-107/INFO]: [EMI] [JEMI] Collecting data for Milling
[00:06:27] [Thread-107/INFO]: [EMI] Loading JEI data for Milling
[00:06:27] [Thread-107/INFO]: [EMI] [JEMI] Collecting data for Mixing
[00:06:27] [Thread-107/INFO]: [EMI] Loading JEI data for Mixing
[00:06:27] [Thread-107/INFO]: [EMI] [JEMI] Collecting data for Mysterious Conversion
[00:06:27] [Thread-107/INFO]: [EMI] Loading JEI data for Mysterious Conversion
[00:06:27] [Thread-107/INFO]: [EMI] [JEMI] Collecting data for Compacting
[00:06:27] [Thread-107/INFO]: [EMI] Loading JEI data for Compacting
[00:06:27] [Thread-107/INFO]: [EMI] [JEMI] Collecting data for Pressing
[00:06:27] [Thread-107/INFO]: [EMI] Loading JEI data for Pressing
[00:06:27] [Thread-107/INFO]: [EMI] [JEMI] Collecting data for Sandpaper Polishing
[00:06:27] [Thread-107/INFO]: [EMI] Loading JEI data for Sandpaper Polishing
[00:06:27] [Thread-107/INFO]: [EMI] [JEMI] Collecting data for Sawing
[00:06:27] [Thread-107/INFO]: [EMI] Loading JEI data for Sawing
[00:06:27] [Thread-107/INFO]: [EMI] [JEMI] Collecting data for Recipe Sequence
[00:06:27] [Thread-107/INFO]: [EMI] Loading JEI data for Recipe Sequence
[00:06:27] [Thread-107/INFO]: [EMI] [JEMI] Collecting data for Filling by Spout
[00:06:27] [Thread-107/INFO]: [EMI] Loading JEI data for Filling by Spout
[00:06:27] [Thread-107/INFO]: [EMI] [JEMI] Collecting data for Wood Cutting
[00:06:27] [Thread-107/INFO]: [EMI] Loading JEI data for Wood Cutting
[00:06:27] [Thread-107/INFO]: [EMI] [JEMI] Collecting data for Charging
[00:06:27] [Thread-107/INFO]: [EMI] Loading JEI data for Charging
[00:06:27] [Thread-107/INFO]: [EMI] [JEMI] Collecting data for Liquid Burning
[00:06:27] [Thread-107/INFO]: [EMI] Loading JEI data for Liquid Burning
[00:06:27] [Thread-107/INFO]: [EMI] [JEMI] Collecting data for Rolling
[00:06:27] [Thread-107/INFO]: [EMI] Loading JEI data for Rolling
[00:06:27] [Thread-107/INFO]: [EMI] [JEMI] Collecting data for Printing
[00:06:27] [Thread-107/INFO]: [EMI] Loading JEI data for Printing
[00:06:27] [Thread-107/INFO]: [EMI] [JEMI] Collecting data for Stacking Photographs
[00:06:27] [Thread-107/INFO]: [EMI] Loading JEI data for Stacking Photographs
[00:06:27] [Thread-107/INFO]: [EMI] [JEMI] Collecting data for Drying
[00:06:27] [Thread-107/INFO]: [EMI] Loading JEI data for Drying
[00:06:27] [Thread-107/INFO]: [EMI] [JEMI] Collecting data for Mixing Bowl
[00:06:27] [Thread-107/INFO]: [EMI] Loading JEI data for Mixing Bowl
[00:06:27] [Thread-107/INFO]: [EMI] [JEMI] Collecting data for Oven
[00:06:27] [Thread-107/INFO]: [EMI] Loading JEI data for Oven
[00:06:27] [Thread-107/INFO]: [EMI] [JEMI] Collecting data for Smoking
[00:06:27] [Thread-107/INFO]: [EMI] Loading JEI data for Smoking
[00:06:27] [Thread-107/INFO]: [EMI] [JEMI] Collecting data for Vat
[00:06:27] [Thread-107/INFO]: [EMI] Loading JEI data for Vat
[00:06:27] [Thread-107/INFO]: [EMI] [JEMI] Collecting data for Information
[00:06:27] [Thread-107/INFO]: [EMI] Loading JEI data for Information
[00:06:27] [Thread-107/INFO]: [EMI] [JEMI] Collecting data for Jumbo Furnace Upgrade
[00:06:27] [Thread-107/INFO]: [EMI] Loading JEI data for Jumbo Furnace Upgrade
[00:06:27] [Thread-107/INFO]: [EMI] [JEMI] Collecting data for Jumbo Smelting
[00:06:27] [Thread-107/INFO]: [EMI] Loading JEI data for Jumbo Smelting
[00:06:27] [Thread-107/INFO]: [EMI] [JEMI] Collecting data for Soldering
[00:06:27] [Thread-107/INFO]: [EMI] Loading JEI data for Soldering
[00:06:27] [Thread-107/INFO]: [EMI] [JEMI] Collecting data for Alloying
[00:06:27] [Thread-107/INFO]: [EMI] Loading JEI data for Alloying
[00:06:27] [Thread-107/INFO]: [EMI] [JEMI] Collecting data for Anvil
[00:06:27] [Thread-107/INFO]: [EMI] Loading JEI data for Anvil
[00:06:27] [Thread-107/INFO]: [EMI] [JEMI] Collecting data for Blast Furnace
[00:06:27] [Thread-107/INFO]: [EMI] Loading JEI data for Blast Furnace
[00:06:27] [Thread-107/INFO]: [EMI] [JEMI] Collecting data for Bloomery
[00:06:27] [Thread-107/INFO]: [EMI] Loading JEI data for Bloomery
[00:06:27] [Thread-107/INFO]: [EMI] [JEMI] Collecting data for Casting
[00:06:27] [Thread-107/INFO]: [EMI] Loading JEI data for Casting
[00:06:27] [Thread-107/INFO]: [EMI] [JEMI] Collecting data for Chisel
[00:06:27] [Thread-107/INFO]: [EMI] Loading JEI data for Chisel
[00:06:27] [Thread-107/INFO]: [EMI] [JEMI] Collecting data for Clay Knapping Recipe
[00:06:27] [Thread-107/INFO]: [EMI] Loading JEI data for Clay Knapping Recipe
[00:06:27] [Thread-107/INFO]: [EMI] [JEMI] Collecting data for Fire Clay Knapping Recipe
[00:06:27] [Thread-107/INFO]: [EMI] Loading JEI data for Fire Clay Knapping Recipe
[00:06:27] [Thread-107/INFO]: [EMI] [JEMI] Collecting data for Glassworking
[00:06:27] [Thread-107/INFO]: [EMI] Loading JEI data for Glassworking
[00:06:27] [Thread-107/INFO]: [EMI] [JEMI] Collecting data for Goat Horn Knapping Recipe
[00:06:27] [Thread-107/INFO]: [EMI] Loading JEI data for Goat Horn Knapping Recipe
[00:06:27] [Thread-107/INFO]: [EMI] [JEMI] Collecting data for Heating Recipe
[00:06:27] [Thread-107/INFO]: [EMI] Loading JEI data for Heating Recipe
[00:06:27] [Thread-107/INFO]: [EMI] [JEMI] Collecting data for Instant Barrel Recipe
[00:06:27] [Thread-107/INFO]: [EMI] Loading JEI data for Instant Barrel Recipe
[00:06:27] [Thread-107/INFO]: [EMI] [JEMI] Collecting data for Instant Fluid Barrel Recipe
[00:06:27] [Thread-107/INFO]: [EMI] Loading JEI data for Instant Fluid Barrel Recipe
[00:06:27] [Thread-107/INFO]: [EMI] [JEMI] Collecting data for Jam Pot
[00:06:27] [Thread-107/INFO]: [EMI] Loading JEI data for Jam Pot
[00:06:27] [Thread-107/INFO]: [EMI] [JEMI] Collecting data for Leather Knapping Recipe
[00:06:27] [Thread-107/INFO]: [EMI] Loading JEI data for Leather Knapping Recipe
[00:06:27] [Thread-107/INFO]: [EMI] [JEMI] Collecting data for Loom
[00:06:27] [Thread-107/INFO]: [EMI] Loading JEI data for Loom
[00:06:27] [Thread-107/INFO]: [EMI] [JEMI] Collecting data for Pumpkin Knapping
[00:06:27] [Thread-107/INFO]: [EMI] Loading JEI data for Pumpkin Knapping
[00:06:27] [Thread-107/INFO]: [EMI] [JEMI] Collecting data for Quern Recipe
[00:06:27] [Thread-107/INFO]: [EMI] Loading JEI data for Quern Recipe
[00:06:27] [Thread-107/INFO]: [EMI] [JEMI] Collecting data for Rock Knapping Recipe
[00:06:27] [Thread-107/INFO]: [EMI] Loading JEI data for Rock Knapping Recipe
[00:06:27] [Thread-107/INFO]: [EMI] [JEMI] Collecting data for Scraping Recipe
[00:06:27] [Thread-107/INFO]: [EMI] Loading JEI data for Scraping Recipe
[00:06:27] [Thread-107/INFO]: [EMI] [JEMI] Collecting data for Sealed Barrel Recipe
[00:06:27] [Thread-107/INFO]: [EMI] Loading JEI data for Sealed Barrel Recipe
[00:06:27] [Thread-107/INFO]: [EMI] [JEMI] Collecting data for Pot
[00:06:27] [Thread-107/INFO]: [EMI] Loading JEI data for Pot
[00:06:27] [Thread-107/INFO]: [EMI] [JEMI] Collecting data for Soup Pot
[00:06:27] [Thread-107/INFO]: [EMI] Loading JEI data for Soup Pot
[00:06:27] [Thread-107/INFO]: [EMI] [JEMI] Collecting data for Welding
[00:06:27] [Thread-107/INFO]: [EMI] Loading JEI data for Welding
[00:06:27] [Thread-107/INFO]: [EMI] [JEMI] Collecting data for Tree Tapping
[00:06:27] [Thread-107/INFO]: [EMI] Loading JEI data for Tree Tapping
[00:06:27] [Thread-107/INFO]: [EMI] [JEMI] Collecting data for Loot Crates
[00:06:27] [Thread-107/INFO]: [EMI] Loading JEI data for Loot Crates
[00:06:27] [Thread-107/INFO]: [EMI] [JEMI] Collecting data for Quests
[00:06:27] [Thread-107/INFO]: [EMI] Loading JEI data for Quests
[00:06:27] [Thread-107/INFO]: [EMI] [JEMI] Collecting data for tfc.jei.bowl_pot
[00:06:27] [Thread-107/INFO]: [EMI] Loading JEI data for tfc.jei.bowl_pot
[00:06:27] [Thread-107/INFO]: [EMI] [JEMI] Collecting data for tfc.jei.stinky_soup
[00:06:27] [Thread-107/INFO]: [EMI] Loading JEI data for tfc.jei.stinky_soup
[00:06:27] [Thread-107/INFO]: [EMI] [JEMI] Collecting data for Framing Saw
[00:06:27] [Thread-107/INFO]: [EMI] Loading JEI data for Framing Saw
[00:06:27] [Thread-107/INFO]: [EMI] [JEMI] Skipping recipe category framedblocks:framing_saw because mod is already handled
[00:06:27] [Thread-107/INFO]: [EMI] [JEMI] Collecting data for Sewing
[00:06:27] [Thread-107/INFO]: [EMI] Loading JEI data for Sewing
[00:06:27] [Thread-107/INFO]: [EMI] Reloaded plugin from jemi in 438ms
[00:06:27] [Thread-107/INFO]: [EMI] Baking index
[00:06:27] [Thread-107/INFO]: [EMI] Registering late recipes
[00:06:27] [Thread-107/INFO]: [EMI] Baking recipes
[00:06:28] [Render thread/ERROR]: Error calculating block tint for block state Block{gtceu:andesite_pyrite_ore}! Total: 5
java.lang.ArrayIndexOutOfBoundsException: null
[00:06:28] [Render thread/ERROR]: Error calculating block tint for block state Block{gtceu:andesite_sphalerite_ore}! Total: 6
java.lang.ArrayIndexOutOfBoundsException: null
[00:06:28] [Render thread/ERROR]: Error calculating block tint for block state Block{gtceu:andesite_sulfur_ore}! Total: 7
java.lang.ArrayIndexOutOfBoundsException: null
[00:06:28] [Thread-107/INFO]: [EMI] Baked 115635 recipes in 1180ms
[00:06:28] [Thread-107/INFO]: [EMI] Baking search
[00:06:28] [Render thread/INFO]: [EMI] Disconnecting from server, EMI data cleared
[00:06:28] [Render thread/INFO]: Xaero hud session finalized.
[00:06:28] [Render thread/INFO]: Finalizing world map session...
[00:06:29] [Thread-12/INFO]: World map cleaned normally!
[00:06:29] [Thread-111/INFO]: [EMI] Baked recipes after reload in 578ms
[00:06:29] [Thread-107/INFO]: [EMI] Finishing up
[00:06:29] [Thread-107/INFO]: [EMI] Reloaded EMI in 9127ms
[00:06:29] [Thread-107/INFO]: [EMI] Clearing data
[00:06:29] [Render thread/INFO]: World map session finalized.
[00:06:29] [Render thread/INFO]: JEI StartEventObserver received class net.minecraftforge.client.event.ClientPlayerNetworkEvent$LoggingOut
[00:06:29] [Render thread/INFO]: JEI StartEventObserver transitioning state from JEI_STARTED to DISABLED
[00:06:29] [Render thread/INFO]: Stopping JEI
[00:06:29] [Render thread/INFO]: Sending Runtime Unavailable...
[00:06:29] [Render thread/INFO]: Stopping JEI GUI
[00:06:29] [Render thread/INFO]: Sending Runtime Unavailable took 539.2 μs
[00:06:29] [Render thread/INFO]: Curios disabled
[00:06:29] [Render thread/INFO]: Stopping worker threads
[00:06:30] [Netty Client IO #2/INFO]: Client has mods that are missing on server: [findme, noreportbutton, enhancedvisuals, mixinextras, konkrete, searchables, betterthirdperson, drippyloadingscreen, inventoryhud, fancymenu, immediatelyfast, tfcvesseltooltip]
