[23:55:41] [INIT] KubeJS 2001.6.5-build.14; MC 2001 forge
[23:55:41] [INIT] Loaded plugins:
[23:55:41] [INIT] - dev.latvian.mods.kubejs.forge.BuiltinKubeJSForgePlugin
[23:55:41] [INIT] - dev.latvian.mods.kubejs.forge.BuiltinKubeJSForgeClientPlugin
[23:55:41] [INIT] - com.lowdragmc.lowdraglib.kjs.LDLibKubeJSPlugin
[23:55:41] [INIT] - io.github.mortuusars.exposure.integration.kubejs.ExposureJSPlugin
[23:55:41] [INIT] - su.terrafirmagreg.core.compat.kjs.TFGKubeJSPlugin
[23:55:41] [INIT] - dev.ftb.mods.ftbxmodcompat.ftbquests.kubejs.KubeJSIntegration
[23:55:41] [INIT] - dev.ftb.mods.ftbxmodcompat.ftbteams.kubejs.FTBTeamsKubeJSPlugin
[23:55:41] [INIT] - dev.ftb.mods.ftbxmodcompat.ftbfiltersystem.kubejs.FFSKubeJSPlugin
[23:55:41] [INIT] - com.almostreliable.lootjs.kube.LootJSPlugin
[23:55:41] [INIT] - com.blakebr0.cucumber.compat.kubejs.CucumberKubeJSPlugin
[23:55:41] [INIT] - com.gregtechceu.gtceu.integration.kjs.GregTechKubeJSPlugin
[23:55:41] [INIT] - argent_matter.gcyr.integration.kjs.GCyRKubeJSPlugin
[23:55:41] [INIT] - com.notenoughmail.kubejs_tfc.KubeJSTFCPlugin
[23:55:41] [INIT] - com.notenoughmail.kubejs_tfc.addons.firmalife.FirmaLifePlugin
[23:55:41] [INIT] - com.notenoughmail.kubejs_tfc.addons.tfccc.TFCCCPlugin
[23:55:41] [INIT] - dev.latvian.mods.kubejs.create.KubeJSCreatePlugin
[23:55:42] [INFO] Loaded script startup_scripts:main_startup_script.js in 0.046 s
[23:55:42] [INFO] Loaded script startup_scripts:mega_cells/constants.js in 0.001 s
[23:55:42] [INFO] Loaded script startup_scripts:ftb_quests/constants.js in 0.0 s
[23:55:42] [INFO] Loaded script startup_scripts:asticor_carts/constants.js in 0.0 s
[23:55:42] [INFO] Loaded script startup_scripts:create/constants.js in 0.005 s
[23:55:42] [INFO] Loaded script startup_scripts:minecraft/constants.js in 0.004 s
[23:55:42] [INFO] Loaded script startup_scripts:create_additions/constants.js in 0.0 s
[23:55:42] [INFO] Loaded script startup_scripts:tfc/constants.js in 0.011 s
[23:55:42] [INFO] Loaded script startup_scripts:extended_ae2/constants.js in 0.0 s
[23:55:42] [INFO] Loaded script startup_scripts:gtceu/machines.js in 0.002 s
[23:55:42] [INFO] Loaded script startup_scripts:gtceu/constants.js in 0.0 s
[23:55:42] [INFO] Loaded script startup_scripts:gtceu/items.js in 0.001 s
[23:55:42] [INFO] Loaded script startup_scripts:gtceu/recipe_types.js in 0.0 s
[23:55:42] [INFO] Loaded script startup_scripts:gtceu/material_info.js in 0.001 s
[23:55:42] [INFO] Loaded script startup_scripts:gtceu/blocks.js in 0.0 s
[23:55:42] [INFO] Loaded script startup_scripts:sophisticated_backpacks/constants.js in 0.001 s
[23:55:42] [INFO] Loaded script startup_scripts:ae2/constants.js in 0.0 s
[23:55:42] [INFO] Loaded script startup_scripts:chisel_and_bits/constants.js in 0.0 s
[23:55:42] [INFO] Loaded script startup_scripts:firmalife/constants.js in 0.0 s
[23:55:42] [INFO] Loaded script startup_scripts:horornot/constants.js in 0.0 s
[23:55:42] [INFO] Loaded script startup_scripts:computer_craft/constants.js in 0.001 s
[23:55:42] [INFO] Loaded script startup_scripts:framedblocks/constants.js in 0.0 s
[23:55:42] [INFO] Loaded script startup_scripts:more_red/constants.js in 0.0 s
[23:55:42] [INFO] Loaded script startup_scripts:firmaciv/constants.js in 0.0 s
[23:55:42] [INFO] Loaded script startup_scripts:firmaciv/blocks.js in 0.0 s
[23:55:42] [INFO] Loaded script startup_scripts:railways/constants.js in 0.001 s
[23:55:42] [INFO] Loaded 26/26 KubeJS startup scripts in 0.841 s with 0 errors and 0 warnings
